<?xml version="1.0" encoding="UTF-8"?>
<testng-results ignored="0" total="1" passed="1" failed="0" skipped="0">
  <reporter-output>
  </reporter-output>
  <suite started-at="2021-05-03T11:35:39 IST" name="Default suite" finished-at="2021-05-03T11:35:39 IST" duration-ms="97">
    <groups>
    </groups>
    <test started-at="2021-05-03T11:35:39 IST" name="Default test" finished-at="2021-05-03T11:35:39 IST" duration-ms="97">
      <class name="Api_module.MavenProject.SeleniumProject">
        <test-method signature="selenium()[pri:0, instance:Api_module.MavenProject.SeleniumProject@6b81ce95]" started-at="2021-05-03T11:35:39 IST" name="selenium" finished-at="2021-05-03T11:35:39 IST" duration-ms="28" status="PASS">
          <reporter-output>
          </reporter-output>
        </test-method> <!-- selenium -->
      </class> <!-- Api_module.MavenProject.SeleniumProject -->
    </test> <!-- Default test -->
  </suite> <!-- Default suite -->
</testng-results>
